[TIME]:2016/2/22 11:29:17
[EVENT]:开始导出对象治疗处置--手术记录

[TIME]:2016/2/22 11:29:24
[EVENT]:成功0失败0

[TIME]:2016/2/22 11:29:24
[EVENT]:---------------------------------------

[TIME]:2016/2/22 11:29:24
[EVENT]:开始导出对象dbf

[TIME]:2016/2/22 11:29:24
[EVENT]:成功0失败0

[TIME]:2016/2/22 11:29:24
[EVENT]:---------------------------------------

[TIME]:2016/2/22 11:29:24
[EVENT]:开始导出对象AA

[TIME]:2016/2/22 11:29:25
[EVENT]:成功0失败0

[TIME]:2016/2/22 11:29:25
[EVENT]:---------------------------------------

[TIME]:2016/2/22 11:29:25
[EVENT]:================================================

[TIME]:2016/2/22 11:29:25
[EVENT]:总共导入成功:0 导入失败:0

[TIME]:2016/2/22 11:33:01
[EVENT]:开始导出对象治疗处置--手术记录

[TIME]:2016/2/22 11:33:02
[EVENT]:成功0失败0

[TIME]:2016/2/22 11:33:02
[EVENT]:---------------------------------------

[TIME]:2016/2/22 11:33:02
[EVENT]:================================================

[TIME]:2016/2/22 11:33:02
[EVENT]:总共导入成功:0 导入失败:0

[TIME]:2016/2/22 12:36:53
[EVENT]:开始导出对象治疗处置--手术记录

[TIME]:2016/2/22 12:37:29
[EVENT]:成功0失败0

[TIME]:2016/2/22 12:37:29
[EVENT]:---------------------------------------

[TIME]:2016/2/22 12:37:29
[EVENT]:================================================

[TIME]:2016/2/22 12:37:29
[EVENT]:总共导入成功:0 导入失败:0

[TIME]:2016/2/22 12:38:12
[EVENT]:开始导出对象治疗处置--手术记录

[TIME]:2016/2/22 12:38:37
[EVENT]:成功0失败0

[TIME]:2016/2/22 12:38:37
[EVENT]:---------------------------------------

[TIME]:2016/2/22 12:38:37
[EVENT]:================================================

[TIME]:2016/2/22 12:38:37
[EVENT]:总共导入成功:0 导入失败:0

[TIME]:2016/2/22 12:38:39
[EVENT]:开始导出对象治疗处置--手术记录

[TIME]:2016/2/22 12:44:31
[EVENT]:开始导出对象治疗处置--手术记录

[TIME]:2016/2/22 12:45:24
[EVENT]:开始导出对象治疗处置--手术记录

[TIME]:2016/2/22 12:45:36
[EVENT]:成功0失败0

[TIME]:2016/2/22 12:45:36
[EVENT]:---------------------------------------

[TIME]:2016/2/22 12:45:36
[EVENT]:================================================

[TIME]:2016/2/22 12:45:36
[EVENT]:总共导入成功:0 导入失败:0

[TIME]:2016/2/22 12:45:43
[EVENT]:开始导出对象治疗处置--手术记录

[TIME]:2016/2/22 12:47:42
[EVENT]:成功0失败0

[TIME]:2016/2/22 12:47:42
[EVENT]:---------------------------------------

[TIME]:2016/2/22 12:47:42
[EVENT]:================================================

[TIME]:2016/2/22 12:47:42
[EVENT]:总共导入成功:0 导入失败:0

[TIME]:2016/2/22 12:48:10
[EVENT]:开始导出对象治疗处置--手术记录

[TIME]:2016/2/22 12:48:10
[EVENT]:成功0失败0

[TIME]:2016/2/22 12:48:10
[EVENT]:---------------------------------------

[TIME]:2016/2/22 12:48:10
[EVENT]:================================================

[TIME]:2016/2/22 12:48:10
[EVENT]:总共导入成功:0 导入失败:0

[TIME]:2016/2/22 12:48:14
[EVENT]:开始导出对象治疗处置--手术记录

[TIME]:2016/2/22 12:48:15
[EVENT]:成功0失败0

[TIME]:2016/2/22 12:48:15
[EVENT]:---------------------------------------

[TIME]:2016/2/22 12:48:15
[EVENT]:================================================

[TIME]:2016/2/22 12:48:15
[EVENT]:总共导入成功:0 导入失败:0

[TIME]:2016/2/22 12:50:33
[EVENT]:开始导出对象治疗处置--手术记录

[TIME]:2016/2/22 12:50:33
[EVENT]:成功0失败0

[TIME]:2016/2/22 12:50:33
[EVENT]:---------------------------------------

[TIME]:2016/2/22 12:50:33
[EVENT]:================================================

[TIME]:2016/2/22 12:50:33
[EVENT]:总共导入成功:0 导入失败:0

[TIME]:2016/2/22 13:03:08
[EVENT]:开始导出对象治疗处置--手术记录

[TIME]:2016/2/22 13:04:21
[EVENT]:开始导出对象治疗处置--手术记录

[TIME]:2016/2/22 13:06:19
[EVENT]:开始导出对象治疗处置--手术记录

[TIME]:2016/2/22 13:06:54
[EVENT]:成功0失败0

[TIME]:2016/2/22 13:06:54
[EVENT]:---------------------------------------

[TIME]:2016/2/22 13:06:54
[EVENT]:================================================

[TIME]:2016/2/22 13:06:54
[EVENT]:总共导入成功:0 导入失败:0

[TIME]:2016/2/22 13:07:37
[EVENT]:开始导出对象治疗处置--手术记录

[TIME]:2016/2/22 13:07:49
[EVENT]:成功0失败0

[TIME]:2016/2/22 13:07:49
[EVENT]:---------------------------------------

[TIME]:2016/2/22 13:07:49
[EVENT]:================================================

[TIME]:2016/2/22 13:07:49
[EVENT]:总共导入成功:0 导入失败:0

[TIME]:2016/2/22 13:08:21
[EVENT]:开始导出对象治疗处置--手术记录

[TIME]:2016/2/22 13:10:18
[EVENT]:开始导出对象治疗处置--手术记录

[TIME]:2016/2/22 13:12:02
[EVENT]:开始导出对象治疗处置--手术记录

[TIME]:2016/2/22 13:13:01
[EVENT]:开始导出对象治疗处置--手术记录

[TIME]:2016/2/22 13:13:25
[EVENT]:成功0失败0

[TIME]:2016/2/22 13:13:25
[EVENT]:---------------------------------------

[TIME]:2016/2/22 13:13:25
[EVENT]:================================================

[TIME]:2016/2/22 13:13:25
[EVENT]:总共导入成功:0 导入失败:0

[TIME]:2016/2/22 13:31:56
[EVENT]:开始导出对象治疗处置--手术记录

[TIME]:2016/2/22 13:34:09
[EVENT]:开始导出对象治疗处置--手术记录

[TIME]:2016/2/22 13:34:47
[EVENT]:开始导出对象治疗处置--手术记录

[TIME]:2016/2/22 13:49:29
[EVENT]:开始导出对象治疗处置--手术记录

[TIME]:2016/2/22 13:50:27
[EVENT]:开始导出对象治疗处置--手术记录

[TIME]:2016/2/22 13:51:45
[EVENT]:开始导出对象治疗处置--手术记录

[TIME]:2016/2/22 14:15:12
[EVENT]:开始导出对象治疗处置--手术记录

[TIME]:2016/2/22 14:18:43
[EVENT]:开始导出对象治疗处置--手术记录

[TIME]:2016/2/22 14:22:55
[EVENT]:成功0失败0

[TIME]:2016/2/22 14:22:55
[EVENT]:---------------------------------------

[TIME]:2016/2/22 14:22:55
[EVENT]:================================================

[TIME]:2016/2/22 14:22:55
[EVENT]:总共导入成功:0 导入失败:0

[TIME]:2016/2/22 14:44:30
[EVENT]:开始导出对象治疗处置--手术记录

[TIME]:2016/2/22 14:44:31
[EVENT]:成功0失败0

[TIME]:2016/2/22 14:44:31
[EVENT]:---------------------------------------

[TIME]:2016/2/22 14:44:31
[EVENT]:================================================

[TIME]:2016/2/22 14:44:31
[EVENT]:总共导入成功:0 导入失败:0

[TIME]:2016/2/22 14:44:32
[EVENT]:开始导出对象治疗处置--手术记录

[TIME]:2016/2/22 14:44:32
[EVENT]:成功0失败0

[TIME]:2016/2/22 14:44:32
[EVENT]:---------------------------------------

[TIME]:2016/2/22 14:44:32
[EVENT]:================================================

[TIME]:2016/2/22 14:44:32
[EVENT]:总共导入成功:0 导入失败:0

[TIME]:2016/2/22 14:45:07
[EVENT]:开始导出对象治疗处置--手术记录

[TIME]:2016/2/22 14:45:07
[EVENT]:成功0失败0

[TIME]:2016/2/22 14:45:07
[EVENT]:---------------------------------------

[TIME]:2016/2/22 14:45:07
[EVENT]:================================================

[TIME]:2016/2/22 14:45:07
[EVENT]:总共导入成功:0 导入失败:0

[TIME]:2016/2/22 14:45:29
[EVENT]:开始导出对象治疗处置--手术记录

[TIME]:2016/2/22 14:57:38
[EVENT]:开始导出对象治疗处置--手术记录

[TIME]:2016/2/22 14:57:39
[EVENT]:成功0失败0

[TIME]:2016/2/22 14:57:39
[EVENT]:---------------------------------------

[TIME]:2016/2/22 14:57:39
[EVENT]:================================================

[TIME]:2016/2/22 14:57:39
[EVENT]:总共导入成功:0 导入失败:0

[TIME]:2016/2/22 15:03:03
[EVENT]:开始导出对象治疗处置--手术记录

[TIME]:2016/2/22 15:16:44
[EVENT]:开始导出对象治疗处置--手术记录

[TIME]:2016/2/22 15:17:41
[EVENT]:开始导出对象治疗处置--手术记录

[TIME]:2016/2/22 15:19:34
[EVENT]:开始导出对象治疗处置--手术记录

[TIME]:2016/2/22 15:20:46
[EVENT]:成功0失败0

[TIME]:2016/2/22 15:20:46
[EVENT]:---------------------------------------

[TIME]:2016/2/22 15:20:46
[EVENT]:================================================

[TIME]:2016/2/22 15:20:46
[EVENT]:总共导入成功:0 导入失败:0

[TIME]:2016/2/22 15:21:13
[EVENT]:开始导出对象治疗处置--手术记录

[TIME]:2016/2/22 15:21:13
[EVENT]:成功0失败0

[TIME]:2016/2/22 15:21:13
[EVENT]:---------------------------------------

[TIME]:2016/2/22 15:21:13
[EVENT]:================================================

[TIME]:2016/2/22 15:21:13
[EVENT]:总共导入成功:0 导入失败:0

[TIME]:2016/2/22 16:14:56
[EVENT]:开始导出对象治疗处置--手术记录

[TIME]:2016/2/22 16:15:19
[EVENT]:开始导出对象治疗处置--手术记录

[TIME]:2016/2/22 16:18:58
[EVENT]:开始导出对象治疗处置--手术记录

[TIME]:2016/2/22 16:20:48
[EVENT]:开始导出对象治疗处置--手术记录

[TIME]:2016/2/22 16:30:12
[EVENT]:开始导出对象治疗处置--手术记录

[TIME]:2016/2/22 16:32:30
[EVENT]:成功1失败0

[TIME]:2016/2/22 16:32:30
[EVENT]:---------------------------------------

[TIME]:2016/2/22 16:32:30
[EVENT]:================================================

[TIME]:2016/2/22 16:32:30
[EVENT]:总共导入成功:1 导入失败:0

[TIME]:2016/2/22 16:34:12
[EVENT]:开始导出对象治疗处置--手术记录

[TIME]:2016/2/22 16:35:04
[EVENT]:成功1失败0

[TIME]:2016/2/22 16:35:04
[EVENT]:---------------------------------------

[TIME]:2016/2/22 16:35:04
[EVENT]:================================================

[TIME]:2016/2/22 16:35:04
[EVENT]:总共导入成功:1 导入失败:0

[TIME]:2016/2/22 16:38:33
[EVENT]:开始导出对象治疗处置--手术记录

[TIME]:2016/2/22 16:38:58
[EVENT]:成功1失败0

[TIME]:2016/2/22 16:38:58
[EVENT]:---------------------------------------

[TIME]:2016/2/22 16:38:58
[EVENT]:================================================

[TIME]:2016/2/22 16:38:58
[EVENT]:总共导入成功:1 导入失败:0

[TIME]:2016/2/22 16:40:59
[EVENT]:开始导出对象治疗处置--手术记录

[TIME]:2016/2/22 16:47:39
[EVENT]:开始导出对象治疗处置--手术记录

