[TIME]:2016/2/23 15:34:02
[EVENT]:开始导出对象治疗处置--手术记录

[TIME]:2016/2/23 15:35:08
[EVENT]:开始导出对象治疗处置--手术记录

[TIME]:2016/2/23 15:35:12
[EVENT]:成功1失败0

[TIME]:2016/2/23 15:35:12
[EVENT]:---------------------------------------

[TIME]:2016/2/23 15:35:12
[EVENT]:开始导出对象住院病案首页

[TIME]:2016/2/23 15:35:13
[EVENT]:成功1失败0

[TIME]:2016/2/23 15:35:13
[EVENT]:---------------------------------------

[TIME]:2016/2/23 15:35:13
[EVENT]:开始导出对象抢救记录

[TIME]:2016/2/23 15:35:13
[EVENT]:成功1失败0

[TIME]:2016/2/23 15:35:13
[EVENT]:---------------------------------------

[TIME]:2016/2/23 15:35:13
[EVENT]:================================================

[TIME]:2016/2/23 15:35:13
[EVENT]:总共导入成功:3 导入失败:0

[TIME]:2016/2/23 16:46:57
[EVENT]:开始导出对象治疗处置--手术记录

[TIME]:2016/2/23 16:48:46
[EVENT]:成功1失败0

[TIME]:2016/2/23 16:48:46
[EVENT]:---------------------------------------

[TIME]:2016/2/23 16:48:46
[EVENT]:开始导出对象住院病案首页

[TIME]:2016/2/23 16:48:47
[EVENT]:成功1失败0

[TIME]:2016/2/23 16:48:47
[EVENT]:---------------------------------------

[TIME]:2016/2/23 16:48:47
[EVENT]:开始导出对象抢救记录

[TIME]:2016/2/23 16:48:48
[EVENT]:成功1失败0

[TIME]:2016/2/23 16:48:48
[EVENT]:---------------------------------------

[TIME]:2016/2/23 16:48:48
[EVENT]:================================================

[TIME]:2016/2/23 16:48:48
[EVENT]:总共导入成功:3 导入失败:0

[TIME]:2016/2/23 16:50:36
[EVENT]:开始导出对象治疗处置--手术记录

[TIME]:2016/2/23 16:50:36
[EVENT]:成功1失败0

[TIME]:2016/2/23 16:50:36
[EVENT]:---------------------------------------

[TIME]:2016/2/23 16:50:36
[EVENT]:开始导出对象住院病案首页

[TIME]:2016/2/23 16:50:38
[EVENT]:成功1失败0

[TIME]:2016/2/23 16:50:38
[EVENT]:---------------------------------------

[TIME]:2016/2/23 16:50:38
[EVENT]:开始导出对象抢救记录

[TIME]:2016/2/23 16:50:38
[EVENT]:成功1失败0

[TIME]:2016/2/23 16:50:38
[EVENT]:---------------------------------------

[TIME]:2016/2/23 16:50:38
[EVENT]:================================================

[TIME]:2016/2/23 16:50:38
[EVENT]:总共导入成功:3 导入失败:0

[TIME]:2016/2/23 16:51:29
[EVENT]:开始导出对象治疗处置--手术记录

[TIME]:2016/2/23 16:51:30
[EVENT]:成功1失败0

[TIME]:2016/2/23 16:51:30
[EVENT]:---------------------------------------

[TIME]:2016/2/23 16:51:30
[EVENT]:开始导出对象住院病案首页

[TIME]:2016/2/23 16:51:31
[EVENT]:成功1失败0

[TIME]:2016/2/23 16:51:31
[EVENT]:---------------------------------------

[TIME]:2016/2/23 16:51:31
[EVENT]:开始导出对象抢救记录

[TIME]:2016/2/23 16:51:31
[EVENT]:成功1失败0

[TIME]:2016/2/23 16:51:31
[EVENT]:---------------------------------------

[TIME]:2016/2/23 16:51:31
[EVENT]:================================================

[TIME]:2016/2/23 16:51:31
[EVENT]:总共导入成功:3 导入失败:0

